import java.io.*;
import java.text.DateFormat;
import java.text.SimpleDateFormat;
import java.util.Date;
import java.util.Objects;
import java.util.Scanner;

public class Admin {
    public static void actions() {
        System.out.println("What do you want to do?");
        System.out.println("1) Add student");
        System.out.println("2) Add course");
        System.out.println("3) Logout");
        System.out.println("4) Exit");
    }

    public static void MODE() {
        File adminFile = new File("./resources/admin.txt");
        File studentFile = new File("./resources/students.txt");
        File instructorFile = new File("./resources/instructors.txt");

        DateFormat dateFormat = new SimpleDateFormat("dd/MM/yy HH:mm:ss");
        Date date = new Date();

        System.out.println("Current user has admin privileges");
        Scanner sc = new Scanner(System.in).useDelimiter("\\n");

        try (FileWriter adminFileWriter = new FileWriter(adminFile, true);
             FileWriter studentFileWriter = new FileWriter(studentFile, true);
             FileWriter instructorFileWriter = new FileWriter(instructorFile, true)
        ) {
            adminFileWriter.write(dateFormat.format(date) + " admin logged into a system\n");
            int choice;
            while (true) {
                Admin.actions();
                choice = sc.nextInt();
                if (choice == 1) {
                    System.out.print("Type student first name : ");
                    String firstName = sc.next();

                    System.out.print("Type student last name : ");
                    String lastName = sc.next();

                    System.out.print("Type student department : ");
                    String department = sc.next();

                    System.out.print("Type student email : ");
                    String email = sc.next();

                    studentFileWriter.write(email + " : " + Objects.hash("1111"));
                    studentFileWriter.write(System.lineSeparator());
                    Student student = new Student(firstName, lastName, department, email);
                    Database.addStudent(student);

                    System.out.println("Student " + email + " has been successfully added to the system");

                } else if (choice == 2) {
                    System.out.print("Type course title : ");
                    String courseTitle = sc.next();

                    System.out.print("Type the name of the book : ");
                    String bookTitle = sc.next();
                    System.out.print("Type book author : ");
                    String bookAuthor = sc.next();
                    System.out.print("Type isbn of the book : ");
                    String isbn = sc.next();

                    System.out.print("Type instructor's first name : ");
                    String firstName = sc.next();
                    System.out.print("Type instructor's last name : ");
                    String lastName = sc.next();
                    System.out.print("Type instructor's department : ");
                    String department = sc.next();
                    System.out.print("Type instructor's email : ");
                    String email = sc.next();

                    Textbook textbook = new Textbook(isbn, bookTitle, bookAuthor);
                    Instructor instructor = new Instructor(firstName, lastName, department, email);
                    Database.addCourse(new Course(courseTitle, textbook, instructor));

                    System.out.println("The course " + courseTitle + " has been successfully added");


                    instructorFileWriter.write(email + " : " + Objects.hash("1111"));
                    instructorFileWriter.write(System.lineSeparator());

                    adminFileWriter.write(dateFormat.format(date) + " admin added new course " + courseTitle + "\n");
                    adminFileWriter.write(dateFormat.format(date) + " admin added  new textbook " + bookTitle + " \n");

                } else if (choice == 3) {
                    Database.save();
                    break;
                } else if (choice == 4) {
                    adminFileWriter.close();
                    instructorFileWriter.close();
                    studentFileWriter.close();
                    Database.save();
                    System.exit(0);
                } else {
                    System.out.println("You've typed wrong number \nType your number again");
                }
            }
        } catch (Exception e) {
            e.printStackTrace();
        }
    }
}
